<?xml version="1.0" encoding="UTF-8"?>
<testsuite xmlns:xsi="http://www.w3.org/2001/XMLSchema-instance" xsi:noNamespaceSchemaLocation="https://maven.apache.org/surefire/maven-surefire-plugin/xsd/surefire-test-report-3.0.xsd" version="3.0" name="GameTest" time="0.015" tests="5" errors="0" skipped="0" failures="0">
  <properties>
[...]
</properties>
  <testcase name="testChooseModeMedium" classname="GameTest" time="0.006">
    <system-out><![CDATA[Welcome to Minesweeper Game
Select Mode
0 - Easy
1 - Medium
2 - Hard
]]></system-out>
  </testcase>
  <testcase name="testChooseModeEasy" classname="GameTest" time="0.002">
    <system-out><![CDATA[Welcome to Minesweeper Game
Select Mode
0 - Easy
1 - Medium
2 - Hard
]]></system-out>
  </testcase>
  <testcase name="testChooseModeHard" classname="GameTest" time="0.002">
    <system-out><![CDATA[Welcome to Minesweeper Game
Select Mode
0 - Easy
1 - Medium
2 - Hard
]]></system-out>
  </testcase>
  <testcase name="testInvalidChoiceThenEasy" classname="GameTest" time="0.002">
    <system-out><![CDATA[Welcome to Minesweeper Game
Select Mode
0 - Easy
1 - Medium
2 - Hard
Invalid choice. Please select 0, 1, or 2.
]]></system-out>
  </testcase>
  <testcase name="testInvalidChoiceThenMedium" classname="GameTest" time="0.0">
    <system-out><![CDATA[Welcome to Minesweeper Game
Select Mode
0 - Easy
1 - Medium
2 - Hard
Invalid choice. Please select 0, 1, or 2.
]]></system-out>
  </testcase>
</testsuite>